<?xml version="1.0" ?>
<coverage version="7.11.3" timestamp="1762832377361" lines-valid="11" lines-covered="11" line-rate="1" branches-valid="6" branches-covered="6" branch-rate="1" complexity="0">
	<!-- Generated by coverage.py: https://coverage.readthedocs.io/en/7.11.3 -->
	<!-- Based on https://raw.githubusercontent.com/cobertura/web/master/htdocs/xml/coverage-04.dtd -->
	<sources>
		<source>/Users/apple/Downloads/520/llm-codegen-assignment</source>
	</sources>
	<packages>
		<package name="src" line-rate="1" branch-rate="1" complexity="0">
			<classes>
				<class name="int_to_roman.py" filename="src/int_to_roman.py" complexity="0" line-rate="1" branch-rate="1">
					<methods/>
					<lines>
						<line number="1" hits="1"/>
						<line number="3" hits="1" branch="true" condition-coverage="100% (2/2)"/>
						<line number="4" hits="1"/>
						<line number="6" hits="1"/>
						<line number="11" hits="1"/>
						<line number="12" hits="1"/>
						<line number="14" hits="1" branch="true" condition-coverage="100% (2/2)"/>
						<line number="15" hits="1" branch="true" condition-coverage="100% (2/2)"/>
						<line number="16" hits="1"/>
						<line number="17" hits="1"/>
						<line number="19" hits="1"/>
					</lines>
				</class>
			</classes>
		</package>
	</packages>
</coverage>
